TN:
SF:app.js
FN:11,(anonymous_0)
FNF:1
FNH:1
FNDA:27,(anonymous_0)
DA:1,2
DA:3,2
DA:4,2
DA:5,2
DA:6,2
DA:8,2
DA:9,2
DA:11,2
DA:14,27
DA:17,2
DA:19,2
DA:21,2
DA:23,2
LF:13
LH:13
BRF:0
BRH:0
end_of_record
TN:
SF:Controllers\productController.js
FN:5,(anonymous_0)
FN:30,(anonymous_1)
FN:47,(anonymous_2)
FN:59,(anonymous_3)
FN:85,(anonymous_4)
FNF:5
FNH:5
FNDA:2,(anonymous_0)
FNDA:1,(anonymous_1)
FNDA:2,(anonymous_2)
FNDA:1,(anonymous_3)
FNDA:2,(anonymous_4)
DA:1,2
DA:2,2
DA:6,2
DA:7,2
DA:8,2
DA:11,2
DA:18,2
DA:19,0
DA:24,2
DA:25,1
DA:27,1
DA:31,1
DA:32,1
DA:33,1
DA:34,1
DA:35,0
DA:41,1
DA:42,1
DA:44,0
DA:48,2
DA:49,2
DA:50,2
DA:51,1
DA:53,1
DA:55,1
DA:60,1
DA:61,1
DA:66,1
DA:67,1
DA:70,0
DA:76,0
DA:77,0
DA:82,1
DA:86,2
DA:87,2
DA:88,2
DA:93,2
DA:94,1
DA:97,1
DA:98,1
DA:103,1
DA:108,2
LF:42
LH:36
BRDA:18,0,0,0
BRDA:18,0,1,2
BRDA:34,1,0,0
BRDA:34,1,1,1
BRDA:50,2,0,1
BRDA:50,2,1,1
BRDA:66,3,0,1
BRDA:66,3,1,0
BRDA:93,4,0,1
BRDA:93,4,1,1
BRF:10
BRH:7
end_of_record
TN:
SF:Controllers\userController.js
FN:7,(anonymous_0)
FN:41,(anonymous_1)
FNF:2
FNH:2
FNDA:4,(anonymous_0)
FNDA:7,(anonymous_1)
DA:1,2
DA:2,2
DA:3,2
DA:4,2
DA:8,4
DA:9,4
DA:11,4
DA:12,1
DA:15,3
DA:16,1
DA:19,2
DA:23,2
DA:24,1
DA:27,1
DA:29,1
DA:30,1
DA:33,0
DA:35,0
DA:37,4
DA:42,7
DA:43,7
DA:45,7
DA:46,2
DA:49,5
DA:50,1
DA:53,4
DA:61,4
DA:62,1
DA:65,3
DA:72,1
DA:77,6
DA:82,2
LF:32
LH:30
BRDA:11,0,0,1
BRDA:11,0,1,3
BRDA:15,1,0,1
BRDA:15,1,1,2
BRDA:23,2,0,1
BRDA:23,2,1,1
BRDA:29,3,0,1
BRDA:29,3,1,0
BRDA:45,4,0,2
BRDA:45,4,1,5
BRDA:49,5,0,1
BRDA:49,5,1,4
BRDA:61,6,0,1
BRDA:61,6,1,3
BRF:14
BRH:13
end_of_record
TN:
SF:helpers\bcrypt.js
FN:2,(anonymous_0)
FN:7,(anonymous_1)
FNF:2
FNH:2
FNDA:3,(anonymous_0)
FNDA:1,(anonymous_1)
DA:1,2
DA:2,2
DA:3,3
DA:4,3
DA:7,2
DA:8,1
DA:11,2
LF:7
LH:7
BRF:0
BRH:0
end_of_record
TN:
SF:helpers\jwt.js
FN:6,(anonymous_0)
FN:11,(anonymous_1)
FNF:2
FNH:2
FNDA:2,(anonymous_0)
FNDA:8,(anonymous_1)
DA:1,2
DA:3,2
DA:6,2
DA:7,2
DA:8,2
DA:9,2
DA:11,2
DA:12,8
DA:15,2
LF:9
LH:9
BRF:0
BRH:0
end_of_record
TN:
SF:middlewares\adminAuthorization.js
FN:1,adminOnly
FNF:1
FNH:1
FNDA:5,adminOnly
DA:1,2
DA:2,5
DA:3,5
DA:4,5
DA:6,0
DA:9,0
LF:6
LH:4
BRDA:3,0,0,5
BRDA:3,0,1,0
BRF:2
BRH:1
end_of_record
TN:
SF:middlewares\authentication.js
FN:4,authentication
FNF:1
FNH:1
FNDA:16,authentication
DA:1,2
DA:2,2
DA:4,2
DA:5,16
DA:6,16
DA:8,16
DA:9,8
DA:12,8
DA:13,8
DA:14,0
DA:17,8
DA:19,8
DA:20,8
DA:21,0
DA:24,8
DA:25,8
DA:27,8
LF:17
LH:15
BRDA:8,0,0,8
BRDA:8,0,1,8
BRDA:13,1,0,0
BRDA:13,1,1,8
BRDA:20,2,0,0
BRDA:20,2,1,8
BRF:6
BRH:4
end_of_record
TN:
SF:middlewares\errorHandler.js
FN:1,errorHandler
FNF:1
FNH:1
FNDA:22,errorHandler
DA:1,2
DA:2,22
DA:3,22
DA:5,22
DA:7,1
DA:8,1
DA:9,1
DA:11,1
DA:12,1
DA:13,1
DA:16,3
DA:17,3
DA:18,3
DA:21,1
DA:22,1
DA:23,1
DA:27,2
DA:28,2
DA:29,2
DA:33,3
DA:34,3
DA:35,3
DA:38,3
DA:39,3
DA:40,3
DA:43,8
DA:44,8
DA:45,8
DA:48,22
LF:29
LH:29
BRDA:5,0,0,1
BRDA:5,0,1,1
BRDA:5,0,2,3
BRDA:5,0,3,1
BRDA:5,0,4,1
BRDA:5,0,5,2
BRDA:5,0,6,3
BRDA:5,0,7,3
BRDA:5,0,8,3
BRDA:5,0,9,8
BRF:10
BRH:10
end_of_record
TN:
SF:models\index.js
FN:21,(anonymous_0)
FN:29,(anonymous_1)
FN:34,(anonymous_2)
FNF:3
FNH:3
FNDA:6,(anonymous_0)
FNDA:4,(anonymous_1)
FNDA:4,(anonymous_2)
DA:3,2
DA:4,2
DA:5,2
DA:6,2
DA:7,2
DA:8,2
DA:9,2
DA:10,2
DA:13,2
DA:14,0
DA:16,2
DA:19,2
DA:22,6
DA:30,4
DA:31,4
DA:34,2
DA:35,4
DA:36,4
DA:40,2
DA:41,2
DA:43,2
LF:21
LH:20
BRDA:8,0,0,2
BRDA:8,0,1,0
BRDA:13,1,0,0
BRDA:13,1,1,2
BRDA:23,2,0,6
BRDA:23,2,1,6
BRDA:23,2,2,4
BRDA:23,2,3,4
BRDA:35,3,0,4
BRDA:35,3,1,0
BRF:10
BRH:7
end_of_record
TN:
SF:models\product.js
FN:3,(anonymous_0)
FN:5,(anonymous_1)
FNF:2
FNH:2
FNDA:2,(anonymous_0)
FNDA:2,(anonymous_1)
DA:2,2
DA:3,2
DA:6,2
DA:11,2
DA:35,2
LF:5
LH:5
BRF:0
BRH:0
end_of_record
TN:
SF:models\user.js
FN:4,(anonymous_0)
FN:6,(anonymous_1)
FN:59,(anonymous_2)
FNF:3
FNH:3
FNDA:2,(anonymous_0)
FNDA:2,(anonymous_1)
FNDA:3,(anonymous_2)
DA:2,2
DA:3,2
DA:4,2
DA:7,2
DA:12,2
DA:59,2
DA:60,3
DA:62,2
LF:8
LH:8
BRF:0
BRH:0
end_of_record
TN:
SF:routes\index.js
FNF:0
FNH:0
DA:1,2
DA:2,2
DA:3,2
DA:5,2
DA:6,2
DA:8,2
DA:10,2
DA:12,2
LF:8
LH:8
BRF:0
BRH:0
end_of_record
TN:
SF:routes\products.js
FNF:0
FNH:0
DA:1,2
DA:2,2
DA:3,2
DA:5,2
DA:6,2
DA:7,2
DA:8,2
DA:9,2
DA:11,2
LF:9
LH:9
BRF:0
BRH:0
end_of_record
